2025-07-23 22:50:39,406 - INFO - Starting Meraki network deployment...
2025-07-23 22:50:39,407 - INFO - Creating new Meraki network...
2025-07-23 22:50:41,749 - INFO - Created network: L_3859584880656523026
2025-07-23 22:50:41,750 - INFO - Adding devices to network L_3859584880656523026...
2025-07-23 22:50:43,383 - ERROR - Failed to claim devices: {"errors":["Device Q2HP-XXXX-XXXX not found"]}
2025-07-23 22:50:43,384 - ERROR - Failed to add devices
2025-07-23 22:50:43,385 - ERROR - Deployment failed!
2025-07-23 22:55:42,762 - INFO - Starting Meraki network deployment...
2025-07-23 22:55:42,763 - INFO - Creating new Meraki network...
2025-07-23 22:55:44,820 - INFO - Created network: L_3859584880656523027
2025-07-23 22:55:44,822 - INFO - Adding devices to network L_3859584880656523027...
2025-07-23 22:55:45,721 - INFO - Successfully claimed devices: ['Q2CZ-4W7W-QDS4']
2025-07-23 22:55:45,722 - INFO - Verifying device status...
2025-07-23 22:55:46,328 - INFO - Found 0 devices in network:
2025-07-23 22:55:46,330 - ERROR - Failed to add devices
2025-07-23 22:55:46,330 - ERROR - Deployment failed!
2025-07-23 23:04:53,829 - INFO - Starting Meraki network deployment...
2025-07-23 23:04:53,831 - INFO - Creating new Meraki network...
2025-07-23 23:04:56,004 - INFO - Created network: L_3859584880656523028
2025-07-23 23:04:56,006 - INFO - Adding devices to network L_3859584880656523028...
2025-07-23 23:04:57,047 - INFO - Successfully claimed devices: ['Q2CZ-4W7W-QDS4']
2025-07-23 23:04:57,048 - INFO - Verifying device status...
2025-07-23 23:04:57,668 - INFO - Found 0 devices in network:
2025-07-23 23:04:57,670 - ERROR - Failed to add devices
2025-07-23 23:04:57,672 - ERROR - Deployment failed!
2025-07-23 23:06:00,191 - INFO - Starting Meraki network deployment...
2025-07-23 23:06:00,192 - INFO - Creating new Meraki network...
2025-07-23 23:06:02,233 - INFO - Created network: L_3859584880656523029
2025-07-23 23:06:02,235 - INFO - Adding devices to network L_3859584880656523029...
2025-07-23 23:06:03,171 - INFO - Successfully claimed devices: ['Q2CZ-4W7W-QDS4']
2025-07-23 23:06:03,171 - INFO - Waiting 30 seconds for device claim to process...
2025-07-23 23:06:33,174 - INFO - Verifying device status...
2025-07-23 23:06:33,796 - INFO - No devices found yet. Attempt 1/5
2025-07-23 23:07:04,423 - INFO - No devices found yet. Attempt 2/5
2025-07-23 23:07:35,038 - INFO - No devices found yet. Attempt 3/5
2025-07-23 23:08:05,881 - INFO - No devices found yet. Attempt 4/5
2025-07-23 23:08:36,440 - INFO - No devices found yet. Attempt 5/5
2025-07-23 23:09:06,441 - ERROR - Verification timeout - no devices found after maximum attempts
2025-07-23 23:09:06,442 - ERROR - Failed to add devices
2025-07-23 23:09:06,442 - ERROR - Deployment failed!
2025-07-23 23:11:08,068 - INFO - Starting Meraki network deployment...
2025-07-23 23:11:08,069 - INFO - Creating new Meraki network...
2025-07-23 23:11:10,681 - INFO - Created network: L_3859584880656523030
2025-07-23 23:11:10,681 - INFO - Adding devices to network L_3859584880656523030...
2025-07-23 23:11:12,401 - ERROR - Failed to claim devices: {"errors":["Device QXXX-XXXX-XXXX not found"]}
2025-07-23 23:11:12,402 - ERROR - Failed to add devices
2025-07-23 23:11:12,403 - ERROR - Deployment failed!
2025-07-23 23:11:56,625 - INFO - Starting Meraki network deployment...
2025-07-23 23:11:56,626 - INFO - Creating new Meraki network...
2025-07-23 23:11:58,644 - INFO - Created network: L_3859584880656523031
2025-07-23 23:11:58,645 - INFO - Adding devices to network L_3859584880656523031...
2025-07-23 23:11:59,651 - INFO - Successfully claimed devices: ['Q2CZ-4W7W-QDS4']
2025-07-23 23:11:59,651 - INFO - Waiting 30 seconds for device claim to process...
2025-07-23 23:12:29,653 - INFO - Verifying device status...
2025-07-23 23:12:30,429 - INFO - No devices found yet. Attempt 1/5
2025-07-23 23:13:01,075 - INFO - No devices found yet. Attempt 2/5
2025-07-23 23:13:31,592 - INFO - No devices found yet. Attempt 3/5
2025-07-23 23:14:02,071 - INFO - No devices found yet. Attempt 4/5
2025-07-23 23:14:32,596 - INFO - No devices found yet. Attempt 5/5
2025-07-23 23:15:02,597 - ERROR - Verification timeout - no devices found after maximum attempts
2025-07-23 23:15:02,599 - ERROR - Failed to add devices
2025-07-23 23:15:02,660 - ERROR - Deployment failed!
2025-07-24 14:31:47,392 - INFO - Starting Meraki network deployment...
2025-07-24 14:31:47,393 - INFO - Creating new Meraki network...
2025-07-24 14:31:52,962 - INFO - Created network: L_3859584880656523036
2025-07-24 14:31:52,963 - INFO - Adding devices to network L_3859584880656523036...
2025-07-24 14:31:55,553 - INFO - Successfully claimed devices: ['Q2CZ-4W7W-QDS4']
2025-07-24 14:31:55,553 - INFO - Waiting 30 seconds for device claim to process...
2025-07-24 14:32:25,555 - INFO - Verifying device status...
2025-07-24 14:32:26,307 - INFO - No devices found yet. Attempt 1/5
2025-07-24 14:32:56,973 - INFO - No devices found yet. Attempt 2/5
2025-07-24 14:33:27,623 - INFO - No devices found yet. Attempt 3/5
2025-07-24 14:33:59,011 - INFO - No devices found yet. Attempt 4/5
2025-07-24 14:34:29,747 - INFO - No devices found yet. Attempt 5/5
2025-07-24 15:00:08,046 - ERROR - Verification timeout - no devices found after maximum attempts
2025-07-24 15:00:08,048 - ERROR - Failed to add devices
2025-07-24 15:00:08,048 - ERROR - Deployment failed!
2025-07-24 18:26:07,136 - INFO - Starting Meraki network deployment...
2025-07-24 18:26:07,136 - INFO - Creating new Meraki network...
2025-07-24 18:26:09,869 - INFO - Created network: L_3859584880656523050
2025-07-24 18:26:09,870 - INFO - Adding 2 devices to network L_3859584880656523050...
2025-07-24 18:26:11,317 - INFO - Successfully claimed devices batch: ['Q2CZ-4W7W-QDS4', 'Q2CZ-AZW2-PHNY']
2025-07-24 18:26:11,318 - INFO - Successfully claimed 2 devices
2025-07-24 18:26:11,318 - INFO - Waiting for devices to appear in network...
2025-07-24 18:26:41,319 - INFO - Verifying device status...
2025-07-24 18:26:42,052 - INFO - No devices found yet. Attempt 1/3
2025-07-24 18:27:12,781 - INFO - No devices found yet. Attempt 2/3
2025-07-24 18:27:43,360 - INFO - No devices found yet. Attempt 3/3
2025-07-24 18:28:13,360 - ERROR - Verification timeout - no devices found after maximum attempts
2025-07-24 18:28:13,362 - INFO - Network deployment completed successfully!
2025-07-24 18:28:13,362 - INFO - Deployment completed successfully!
2025-07-24 18:28:38,706 - INFO - Starting Meraki network deployment...
2025-07-24 18:28:38,707 - INFO - Creating new Meraki network...
2025-07-24 18:28:41,106 - INFO - Created network: L_3859584880656523053
2025-07-24 18:28:41,106 - INFO - Adding 2 devices to network L_3859584880656523053...
2025-07-24 18:28:42,523 - INFO - Successfully claimed devices batch: ['Q2CZ-4W7W-QDS4', 'Q2CZ-AZW2-PHNY']
2025-07-24 18:28:42,523 - INFO - Successfully claimed 2 devices
2025-07-24 18:28:42,524 - INFO - Waiting for devices to appear in network...
2025-07-24 18:29:12,525 - INFO - Verifying device status...
2025-07-24 18:29:13,714 - ERROR - Failed to verify devices: []
2025-07-24 18:29:13,716 - INFO - Network deployment completed successfully!
2025-07-24 18:29:13,716 - INFO - Deployment completed successfully!
2025-07-24 18:36:41,490 - ERROR - Required configuration field missing: organization_id
2025-07-24 18:43:45,574 - INFO - Starting Meraki network deployment...
2025-07-24 18:43:45,575 - INFO - Creating new Meraki network...
2025-07-24 18:43:48,833 - INFO - Created network: L_3859584880656523058
2025-07-24 18:43:48,835 - INFO - Adding 2 devices to network L_3859584880656523058...
2025-07-24 18:43:50,937 - INFO - Successfully claimed devices batch: ['Q2CZ-4W7W-QDS4', 'Q2CZ-AZW2-PHNY']
2025-07-24 18:43:50,937 - INFO - Successfully claimed 2 devices
2025-07-24 18:43:50,939 - INFO - Waiting for devices to appear in network...
2025-07-24 18:44:20,941 - INFO - Verifying device status...
2025-07-24 18:44:22,124 - ERROR - Failed to verify devices: []
2025-07-24 18:44:22,127 - INFO - Network deployment completed successfully!
2025-07-24 18:44:22,128 - INFO - Deployment completed successfully!
2025-07-24 18:48:40,842 - INFO - Starting Meraki network deployment...
2025-07-24 18:48:40,843 - INFO - Creating new Meraki network...
2025-07-24 18:48:43,430 - INFO - Created network: L_3859584880656523059
2025-07-24 18:48:43,432 - INFO - Adding 2 devices to network L_3859584880656523059...
2025-07-24 18:48:45,325 - INFO - Successfully claimed devices batch: ['Q2CZ-4W7W-QDS4', 'Q2CZ-AZW2-PHNY']
2025-07-24 18:48:45,326 - INFO - Successfully claimed 2 devices
2025-07-24 18:48:45,328 - INFO - Waiting for devices to appear in network...
2025-07-24 18:49:15,329 - INFO - Verifying device status...
2025-07-24 18:49:17,028 - ERROR - Failed to verify devices: []
2025-07-24 18:49:17,030 - INFO - Network deployment completed successfully!
2025-07-24 18:49:17,031 - INFO - Deployment completed successfully!
2025-07-24 18:55:27,740 - INFO - Starting Meraki network deployment...
2025-07-24 18:55:27,741 - INFO - Creating new Meraki network...
2025-07-24 18:55:31,347 - INFO - Created network: L_3859584880656523060
2025-07-24 18:55:31,348 - INFO - Waiting for network to initialize...
2025-07-24 18:55:41,350 - INFO - Binding network to template 1156...
2025-07-24 18:55:41,920 - ERROR - Failed to bind template: {"errors":["Template '1156' cannot be found"]}
2025-07-24 18:55:41,922 - ERROR - Failed to bind template
2025-07-24 18:55:41,923 - ERROR - Deployment failed!
2025-07-24 18:57:11,985 - INFO - Starting Meraki network deployment...
2025-07-24 18:57:11,986 - INFO - Creating new Meraki network...
2025-07-24 18:57:15,894 - INFO - Created network: L_3859584880656523061
2025-07-24 18:57:15,895 - INFO - Waiting for network to initialize...
2025-07-24 18:57:25,897 - INFO - Binding network to template 1156...
2025-07-24 18:57:26,406 - ERROR - Failed to bind template: {"errors":["Template '1156' cannot be found"]}
2025-07-24 18:57:26,408 - ERROR - Failed to bind template
2025-07-24 18:57:26,409 - ERROR - Deployment failed!
2025-07-24 18:58:02,346 - INFO - Starting Meraki network deployment...
2025-07-24 18:58:02,347 - INFO - Creating new Meraki network...
2025-07-24 18:58:06,066 - INFO - Created network: L_3859584880656523062
2025-07-24 18:58:06,068 - INFO - Waiting for network to initialize...
2025-07-24 18:58:16,071 - INFO - Fetching available configuration templates...
2025-07-24 18:58:16,583 - INFO - Available templates:
2025-07-24 18:58:16,584 - INFO - - 5039 (ID: L_3859584880656523056)
2025-07-24 18:58:16,585 - INFO - - 1156 (ID: L_3859584880656523057)
2025-07-24 18:58:16,587 - INFO - Binding network to template L_3859584880656523056...
2025-07-24 18:58:17,744 - ERROR - Failed to bind template: {"errors":["Unable to auto-bind switches if the switch template has multiple profiles with the same model"]}
2025-07-24 18:58:17,745 - ERROR - Failed to bind template
2025-07-24 18:58:17,746 - ERROR - Deployment failed!
2025-07-24 19:00:51,292 - INFO - Starting Meraki network deployment...
2025-07-24 19:00:51,293 - INFO - Creating new Meraki network...
2025-07-24 19:00:54,694 - INFO - Created network: L_3859584880656523063
2025-07-24 19:00:54,695 - INFO - Waiting for network to initialize...
2025-07-24 19:01:04,697 - INFO - Binding network to template L_3859584880656523057...
2025-07-24 19:01:05,225 - ERROR - Failed to bind template: {"errors":["Unable to auto-bind switches if the switch template has multiple profiles with the same model"]}
2025-07-24 19:01:05,226 - ERROR - Failed to bind template
2025-07-24 19:01:05,228 - ERROR - Deployment failed!
2025-07-24 19:02:05,281 - INFO - Starting Meraki network deployment...
2025-07-24 19:02:05,282 - INFO - Creating new Meraki network...
2025-07-24 19:02:09,023 - INFO - Created network: L_3859584880656523066
2025-07-24 19:02:09,024 - INFO - Waiting for network to initialize...
2025-07-24 19:02:19,025 - INFO - Binding network to template L_3859584880656523057...
2025-07-24 19:02:20,400 - INFO - Successfully bound network to template L_3859584880656523057
2025-07-24 19:02:20,401 - WARNING - Note: Switches must be manually bound in dashboard due to multiple switch profiles
2025-07-24 19:02:20,402 - INFO - Dashboard URL: https://dashboard.meraki.com/o/1666125/n/L_3859584880656523066/configure/switches
2025-07-24 19:02:20,404 - INFO - Waiting for template binding to complete...
2025-07-24 19:02:50,405 - INFO - Adding 2 devices to network L_3859584880656523066...
2025-07-24 19:04:19,595 - INFO - Successfully claimed devices batch: ['Q2CZ-4W7W-QDS4', 'Q2CZ-AZW2-PHNY']
2025-07-24 19:04:19,596 - INFO - Successfully claimed 2 devices
2025-07-24 19:04:19,596 - INFO - Waiting for devices to appear in network...
2025-07-24 19:04:49,597 - INFO - Verifying device status...
2025-07-24 19:04:58,114 - ERROR - Failed to verify devices: []
2025-07-24 19:04:58,117 - INFO - Network deployment completed successfully!
2025-07-24 19:04:58,118 - INFO - Deployment completed successfully!
2025-07-24 21:45:34,699 - INFO - Starting Meraki network deployment...
2025-07-24 21:45:34,700 - INFO - Creating new Meraki network...
2025-07-24 21:45:37,590 - INFO - Created network: L_3859584880656523070
2025-07-24 21:45:37,592 - INFO - Waiting for network to initialize...
2025-07-24 21:45:47,594 - INFO - Binding network to template L_3859584880656523057...
2025-07-24 21:45:48,605 - INFO - Successfully bound network to template L_3859584880656523057
2025-07-24 21:45:48,606 - WARNING - Note: Switches must be manually bound in dashboard due to multiple switch profiles
2025-07-24 21:45:48,606 - INFO - Dashboard URL: https://dashboard.meraki.com/o/1666125/n/L_3859584880656523070/configure/switches
2025-07-24 21:45:48,607 - INFO - Waiting for template binding to complete...
2025-07-24 21:46:18,608 - INFO - Adding 2 devices to network L_3859584880656523070...
2025-07-24 21:46:20,366 - INFO - Successfully claimed devices batch: ['Q2CZ-4W7W-QDS4', 'Q2CZ-AZW2-PHNY']
2025-07-24 21:46:20,367 - INFO - Successfully claimed 2 devices
2025-07-24 21:46:20,368 - INFO - Waiting for devices to appear in network...
2025-07-24 21:46:50,369 - INFO - Verifying device status...
2025-07-24 21:46:51,589 - ERROR - Failed to verify devices: []
2025-07-24 21:46:51,592 - INFO - Network deployment completed successfully!
2025-07-24 21:46:51,593 - INFO - Deployment completed successfully!
2025-07-25 13:11:23,987 - INFO - Starting Meraki network deployment...
2025-07-25 13:11:23,989 - INFO - Creating new Meraki network...
2025-07-25 13:11:26,835 - INFO - Created network: L_3859584880656523073
2025-07-25 13:11:26,837 - INFO - Waiting for network to initialize...
2025-07-25 13:11:36,838 - INFO - Binding network to template L_3859584880656523057...
2025-07-25 13:11:39,104 - INFO - Successfully bound network to template L_3859584880656523057
2025-07-25 13:11:39,104 - WARNING - Note: Switches must be manually bound in dashboard due to multiple switch profiles
2025-07-25 13:11:39,105 - INFO - Dashboard URL: https://dashboard.meraki.com/o/1666125/n/L_3859584880656523073/configure/switches
2025-07-25 13:11:39,106 - INFO - Waiting for template binding to complete...
2025-07-25 13:12:09,107 - INFO - Adding 2 devices to network L_3859584880656523073...
2025-07-25 13:13:22,844 - ERROR - Failed to claim devices batch ['Q2CZ-4W7W-QDS4', 'Q2CZ-AZW2-PHNY']: {"errors":["Device Q2CZ-4W7W-QDS4 is already claimed"]}
2025-07-25 13:13:22,846 - ERROR - No devices were successfully claimed
2025-07-25 13:13:22,848 - INFO - Network deployment completed successfully!
2025-07-25 13:13:22,849 - INFO - Deployment completed successfully!
2025-07-25 13:17:00,427 - INFO - Starting Meraki network deployment...
2025-07-25 13:17:00,428 - INFO - Creating new Meraki network...
2025-07-25 13:17:03,210 - INFO - Created network: L_3859584880656523074
2025-07-25 13:17:03,211 - INFO - Waiting for network to initialize...
2025-07-25 13:17:13,213 - INFO - Binding network to template L_3859584880656523057...
2025-07-25 13:17:14,339 - INFO - Successfully bound network to template L_3859584880656523057
2025-07-25 13:17:14,340 - WARNING - Note: Switches must be manually bound in dashboard due to multiple switch profiles
2025-07-25 13:17:14,341 - INFO - Dashboard URL: https://dashboard.meraki.com/o/1666125/n/L_3859584880656523074/configure/switches
2025-07-25 13:17:14,342 - INFO - Waiting for template binding to complete...
2025-07-25 13:17:44,343 - INFO - Fetching organization inventory...
2025-07-25 13:17:44,872 - ERROR - Failed to fetch inventory: <!DOCTYPE html PUBLIC "-//W3C//DTD XHTML 1.0 Transitional//EN" "http://www.w3.org/TR/xhtml1/DTD/xhtml1-transitional.dtd">
<html xmlns="http://www.w3.org/1999/xhtml" xml:lang="en" lang="en">
<head>
  <title>Page not found - Cisco Meraki</title>
  <style type="text/css">
    body {
      display: flex;
      flex-direction: column;
      justify-content: flex-start;
      align-items: center;
      margin: 0 2em;
      font-family: Helvetica, Arial, sans-serif;
      line-height: 1.45;
      color: #222325; /* same as $gray-10 in mkiColorVariables.json */
    }
    .header__container,
    .content__container,
    .footer__container {
      max-width: 800px;
      width: 100%;
    }
    .header__container {
      padding: 2em 0;
      border-bottom: 1px solid #D7D7D9; /* same as $gray-80 in mkiColorVariables.json */
    }
    .header__merakiLogo {
      height: 2.125em;
    }
    .header__merakiLogo--gray {
      fill: #898b8e;
    }
    .header__merakiLogo--green {
      fill: #67b346;
    }
    h1.content__title {
      font-size: 1.728em; /* from typographyBase.scss */
      font-weight: 300;
      margin-bottom: 1em;
    }
    .content__container {
      margin-bottom: 1em;
    }
    .content__container a {
      color: #1D770B; /* same as $linkColor in variables.scss */
    }
    .footer__container {
      padding: 1em 0;
      text-align: right;
      border-top: 1px solid #D7D7D9; /* same as $gray-80 in mkiColorVariables.json */
    }
    .footer__text {
      font-size: 0.833em;
      color: #898A8C; /* same as $gray-50 in mkiColorVariables.json */
    }
  </style>
</head>
<body>
  <div class="header__container">
    <svg class="header__merakiLogo" xmlns="http://www.w3.org/2000/svg" viewBox="0 0 130 25"><title>Cisco Meraki</title><rect class="header__merakiLogo--gray" x="13.29" y="16.46" width="2.06" height="8.17"/><path class="header__merakiLogo--gray" d="M32,18.8a3.64,3.64,0,0,0-1.73-.44,2.18,2.18,0,1,0,0,4.36A3.63,3.63,0,0,0,32,22.29v2.19a6.53,6.53,0,0,1-1.88.29,4.23,4.23,0,1,1,0-8.46,6.29,6.29,0,0,1,1.88.29Z"/><path class="header__merakiLogo--gray" d="M10.46,18.8a3.59,3.59,0,0,0-1.73-.44,2.18,2.18,0,1,0,0,4.36,3.59,3.59,0,0,0,1.73-.43v2.19a6.49,6.49,0,0,1-1.88.29,4.23,4.23,0,1,1,0-8.46,6.23,6.23,0,0,1,1.88.29Z"/><path class="header__merakiLogo--gray" d="M38.45,18.4a2.15,2.15,0,1,0,2.13,2.15,2.11,2.11,0,0,0-2.13-2.15m4.31,2.15a4.31,4.31,0,1,1-4.31-4.23,4.2,4.2,0,0,1,4.31,4.23"/><path class="header__merakiLogo--gray" d="M23.17,18.32a7.05,7.05,0,0,0-1.61-.25c-.83,0-1.27.27-1.27.67s.6.67.94.78l.57.18A2.46,2.46,0,0,1,23.74,22c0,2.05-1.81,2.74-3.38,2.74a12.56,12.56,0,0,1-2.22-.22V22.67a7.73,7.73,0,0,0,1.95.31c1,0,1.5-.3,1.5-.77s-.41-.65-.92-.81l-.44-.14c-1.15-.36-2.1-1-2.1-2.39,0-1.53,1.14-2.55,3-2.55a8.91,8.91,0,0,1,2,.26Z"/><path class="header__merakiLogo--gray" d="M2,7.68a1,1,0,0,0-2,0V9.83a1,1,0,1,0,2,0Z"/><path class="header__merakiLogo--gray" d="M7.66,4.87a1,1,0,0,0-2,0v5a1,1,0,0,0,2,0Z"/><path class="header__merakiLogo--gray" d="M13.28,1a1,1,0,0,0-2,0V11.87a1,1,0,1,0,2,0Z"/><path class="header__merakiLogo--gray" d="M18.9,4.87a1,1,0,0,0-2,0v5a1,1,0,1,0,2,0Z"/><path class="header__merakiLogo--gray" d="M24.52,7.68a1,1,0,0,0-2,0V9.83a1,1,0,1,0,2,0Z"/><path class="header__merakiLogo--gray" d="M30.14,4.87a1,1,0,0,0-2,0v5a1,1,0,1,0,2,0Z"/><path class="header__merakiLogo--gray" d="M35.77,1a1,1,0,1,0-2,0V11.87a1,1,0,1,0,2,0Z"/><path class="header__merakiLogo--gray" d="M41.39,4.87a1,1,0,0,0-2.06,0v5a1,1,0,0,0,2.06,0Z"/><path class="header__merakiLogo--gray" d="M47,7.68a1,1,0,0,0-2,0V9.83a1,1,0,1,0,2,0Z"/><path class="header__merakiLogo--green" d="M68.43,24.64,62.06,8.9V24.64H60.73V7.13h2l6.44,16,6.08-16h1.95V24.64H75.9V9l-6,15.61Z"/><path class="header__merakiLogo--green" d="M91.28,21.18A5.11,5.11,0,0,1,86,25c-3.43,0-6-2.36-6-6.69s2.5-6.69,5.76-6.69,5.71,2.19,5.71,7H81.36c.12,3.6,2.16,5.25,4.69,5.25a3.77,3.77,0,0,0,3.84-2.7Zm-9.9-3.65h8.75c-.17-3.24-2-4.84-4.35-4.84S81.63,14.37,81.38,17.54Z"/><path class="header__merakiLogo--green" d="M94.57,24.64V12h1.07l.19,2.43a3.67,3.67,0,0,1,3.55-2.8,4.51,4.51,0,0,1,1.31.2v1.29a4.93,4.93,0,0,0-1.39-.22c-1.85,0-3.43,1.8-3.43,4.84v6.91Z"/><path class="header__merakiLogo--green" d="M102.35,15.28c.19-2.16,2.12-3.65,4.91-3.65S112,13.21,112,15.79v8.85h-1.07l-.19-2.09A5,5,0,0,1,106.22,25c-2.46,0-4.23-1.33-4.23-3.57s1.31-3.48,4.86-4.06l3.79-.63v-1.1c0-1.82-1.29-2.94-3.45-2.94s-3.31,1-3.48,2.58Zm8.29,4.86V17.78l-3.4.58c-3,.51-3.89,1.46-3.89,3,0,1.7,1.31,2.55,3.21,2.55A4,4,0,0,0,110.64,20.14Z"/><path class="header__merakiLogo--green" d="M115.32,24.64V7.13h1.31v10L122.69,12h1.78L118,17.51l7.3,7.12h-1.77L116.63,18v6.69Z"/><path class="header__merakiLogo--green" d="M126.92,8.93V7.13h1.58v1.8ZM127,24.64V12h1.31V24.64Z"/></svg>
  </div>
  <div class="content__container">
    <h1 class="content__title">Page not found</h1>
    <p class="content__primaryText">The page you are looking for may have been moved or does not exist.</p>
    <p class="content__secondaryText">To log in to the Cisco Meraki Dashboard, go to <a href="https://dashboard.meraki.com">https://dashboard.meraki.com</a>.</p>
  </div>
  <div class="footer__container">
    <span id="footer" class="footer__text">&copy; Cisco Systems, Inc.</span>
  </div>
  <script type="text/javascript" charset="utf-8">
  //<![CDATA[
  (function () {
    var year = new Date().getFullYear();
    document.getElementById("footer").innerHTML = '&copy; ' + year + ' Cisco Systems, Inc.';
  })()
  //]]>
  </script>
</body>
</html>


2025-07-25 13:17:44,876 - ERROR - No available devices found to add to network
2025-07-25 13:17:44,877 - INFO - Network deployment completed successfully!
2025-07-25 13:17:44,879 - INFO - Deployment completed successfully!
2025-07-25 13:19:47,079 - INFO - Starting Meraki network deployment...
2025-07-25 13:19:47,081 - INFO - Creating new Meraki network...
2025-07-25 13:19:49,585 - INFO - Created network: L_3859584880656523075
2025-07-25 13:19:49,587 - INFO - Waiting for network to initialize...
2025-07-25 13:19:59,589 - INFO - Fetching organization inventory...
2025-07-25 13:20:01,457 - WARNING - No available unclaimed devices found in organization inventory
2025-07-25 13:20:01,460 - ERROR - No available devices found to deploy
2025-07-25 13:20:01,460 - ERROR - Deployment failed!
2025-07-25 13:31:41,556 - INFO - Successfully authenticated with Meraki API
2025-07-25 13:31:41,557 - ERROR - Script execution failed: 'MerakiNetworkManager' object has no attribute 'deploy'
2025-07-25 13:32:21,425 - INFO - Successfully authenticated with Meraki API
2025-07-25 13:32:21,426 - INFO - Starting Meraki network deployment...
2025-07-25 13:32:21,427 - INFO - Creating new Meraki network...
2025-07-25 13:32:25,273 - INFO - Created network: L_3859584880656523076
2025-07-25 13:32:25,274 - INFO - Waiting for network to initialize...
2025-07-25 13:32:35,275 - ERROR - Unexpected error during deployment: 'MerakiNetworkManager' object has no attribute 'bind_template'
2025-07-25 13:32:35,277 - ERROR - Deployment failed!
2025-07-25 13:33:22,445 - INFO - Successfully authenticated with Meraki API
2025-07-25 13:33:22,446 - INFO - Starting Meraki network deployment...
2025-07-25 13:33:22,448 - INFO - Creating new Meraki network...
2025-07-25 13:33:24,904 - INFO - Created network: L_3859584880656523077
2025-07-25 13:33:24,908 - INFO - Waiting for network to initialize...
2025-07-25 13:33:34,911 - INFO - Binding network to template L_3859584880656523057...
2025-07-25 13:33:36,173 - INFO - Successfully bound network to template L_3859584880656523057
2025-07-25 13:33:36,174 - WARNING - Note: Switches must be manually bound in dashboard due to multiple switch profiles
2025-07-25 13:33:36,177 - INFO - Dashboard URL: https://dashboard.meraki.com/o/1666125/n/L_3859584880656523077/configure/switches
2025-07-25 13:33:36,180 - INFO - Waiting for template binding to complete...
2025-07-25 13:34:06,184 - INFO - Fetching organization inventory...
2025-07-25 13:34:08,127 - INFO - Inventory fetch complete
2025-07-25 13:34:08,138 - ERROR - Unexpected error during deployment: cannot access local variable 'available_devices' where it is not associated with a value
2025-07-25 13:34:08,142 - ERROR - Deployment failed!
2025-07-25 13:35:12,314 - INFO - Successfully authenticated with Meraki API
2025-07-25 13:35:12,314 - INFO - Starting Meraki network deployment...
2025-07-25 13:35:12,315 - INFO - Creating new Meraki network...
2025-07-25 13:35:16,104 - INFO - Created network: L_3859584880656523078
2025-07-25 13:35:16,105 - INFO - Waiting for network to initialize...
2025-07-25 13:35:26,107 - INFO - Binding network to template L_3859584880656523057...
2025-07-25 13:35:27,277 - INFO - Successfully bound network to template L_3859584880656523057
2025-07-25 13:35:27,278 - WARNING - Note: Switches must be manually bound in dashboard due to multiple switch profiles
2025-07-25 13:35:27,280 - INFO - Dashboard URL: https://dashboard.meraki.com/o/1666125/n/L_3859584880656523078/configure/switches
2025-07-25 13:35:27,281 - INFO - Waiting for template binding to complete...
2025-07-25 13:35:57,282 - INFO - Fetching organization inventory...
2025-07-25 13:35:58,400 - INFO - Inventory fetch complete
2025-07-25 13:35:58,401 - WARNING - No available devices found. Network created successfully but no devices to add.
2025-07-25 13:35:58,401 - INFO - Deployment completed successfully!
2025-07-25 14:15:27,635 - INFO - Successfully authenticated with Meraki API
2025-07-25 14:15:27,636 - INFO - Starting Meraki network deployment...
2025-07-25 14:15:27,637 - INFO - Creating new Meraki network...
2025-07-25 14:15:30,298 - INFO - Created network: L_3859584880656523080
2025-07-25 14:15:30,300 - INFO - Waiting for network to initialize...
2025-07-25 14:15:40,304 - INFO - Binding network to template L_3859584880656523057...
2025-07-25 14:15:41,565 - INFO - Successfully bound network to template L_3859584880656523057
2025-07-25 14:15:41,566 - WARNING - Note: Switches must be manually bound in dashboard due to multiple switch profiles
2025-07-25 14:15:41,568 - INFO - Dashboard URL: https://dashboard.meraki.com/o/1666125/n/L_3859584880656523080/configure/switches
2025-07-25 14:15:41,569 - INFO - Waiting for template binding to complete...
2025-07-25 14:16:11,570 - INFO - Fetching organization inventory...
2025-07-25 14:16:12,690 - INFO - Inventory fetch complete
2025-07-25 14:16:12,692 - WARNING - No available devices found. Network created successfully but no devices to add.
2025-07-25 14:16:12,693 - INFO - Deployment completed successfully!
2025-07-25 15:22:18,413 - INFO - Successfully authenticated with Meraki API
2025-07-25 15:22:18,415 - INFO - Starting Meraki network deployment...
2025-07-25 15:22:18,416 - INFO - Creating new Meraki network...
2025-07-25 15:22:18,870 - ERROR - Failed to create network: {"errors":["Name has already been taken"]}
2025-07-25 15:22:18,871 - ERROR - Failed to create network
2025-07-25 15:22:18,872 - ERROR - Deployment failed!
2025-07-25 15:52:03,052 - INFO - Successfully authenticated with Meraki API
2025-07-25 15:52:03,053 - INFO - Starting Meraki network deployment...
2025-07-25 15:52:03,055 - INFO - Creating new Meraki network...
2025-07-25 15:52:06,088 - INFO - Created network: L_3859584880656523082
2025-07-25 15:52:06,093 - INFO - Waiting for network to initialize...
2025-07-25 15:52:16,095 - INFO - Binding network to template L_3859584880656523057...
2025-07-25 15:52:17,180 - INFO - Successfully bound network to template L_3859584880656523057
2025-07-25 15:52:17,182 - WARNING - Note: Switches must be manually bound in dashboard due to multiple switch profiles
2025-07-25 15:52:17,183 - INFO - Dashboard URL: https://dashboard.meraki.com/o/1666125/n/L_3859584880656523082/configure/switches
2025-07-25 15:52:17,186 - INFO - Waiting for template binding to complete...
2025-07-25 15:52:47,189 - INFO - Fetching organization inventory...
2025-07-25 15:52:48,630 - INFO - Inventory fetch complete
2025-07-25 15:52:48,631 - WARNING - No available devices found. Network created successfully but no devices to add.
2025-07-25 15:52:48,632 - INFO - Deployment completed successfully!
2025-07-25 18:24:11,295 - INFO - Successfully authenticated with Meraki API
2025-07-25 18:24:11,297 - INFO - Starting Meraki network deployment...
2025-07-25 18:24:11,300 - INFO - Creating new Meraki network...
2025-07-25 18:24:13,796 - INFO - Created network: L_3859584880656523088
2025-07-25 18:24:13,800 - INFO - Waiting for network to initialize...
2025-07-25 18:24:23,801 - INFO - Looking up template ID for template name '1156'...
2025-07-25 18:24:24,088 - INFO - Binding network to template L_3859584880656523057 ('1156')...
2025-07-25 18:24:25,009 - INFO - Successfully bound network to template L_3859584880656523057
2025-07-25 18:24:25,011 - WARNING - Note: Switches must be manually bound in dashboard due to multiple switch profiles
2025-07-25 18:24:25,013 - INFO - Dashboard URL: https://dashboard.meraki.com/o/1666125/n/L_3859584880656523088/configure/switches
2025-07-25 18:24:25,017 - INFO - Waiting for template binding to complete...
2025-07-25 18:24:55,019 - INFO - Fetching organization inventory...
2025-07-25 18:25:50,135 - INFO - Inventory fetch complete
2025-07-25 18:25:50,138 - WARNING - No available devices found. Network created successfully but no devices to add.
2025-07-25 18:25:50,138 - INFO - Deployment completed successfully!
