2025-07-25 18:38:22,331 - INFO - Successfully authenticated with Meraki API
2025-07-25 18:38:22,332 - INFO - Starting Meraki network deployment...
2025-07-25 18:38:22,332 - INFO - Creating new Meraki network...
2025-07-25 18:38:25,197 - INFO - Created network: L_3859584880656523089
2025-07-25 18:38:25,198 - INFO - Waiting for network to initialize...
2025-07-25 18:38:35,199 - INFO - Looking up template ID for template name '1156'...
2025-07-25 18:38:35,583 - INFO - Binding network to template L_3859584880656523057 ('1156')...
2025-07-25 18:38:42,546 - INFO - Successfully bound network to template L_3859584880656523057
2025-07-25 18:38:42,547 - WARNING - Note: Switches must be manually bound in dashboard due to multiple switch profiles
2025-07-25 18:38:42,547 - INFO - Dashboard URL: https://dashboard.meraki.com/o/1666125/n/L_3859584880656523089/configure/switches
2025-07-25 18:38:42,547 - INFO - Waiting for template binding to complete...
2025-07-25 18:39:12,548 - INFO - Fetching organization inventory...
2025-07-25 18:39:13,983 - INFO - Inventory fetch complete
2025-07-25 18:39:13,984 - WARNING - No available devices found. Network created successfully but no devices to add.
2025-07-25 18:39:13,984 - INFO - Deployment completed successfully!
2025-07-25 19:08:59,400 - INFO - Successfully authenticated with Meraki API
2025-07-25 19:08:59,401 - INFO - Starting Meraki network deployment...
2025-07-25 19:08:59,402 - INFO - Creating new Meraki network...
2025-07-25 19:09:03,033 - INFO - Created network: L_3859584880656523090
2025-07-25 19:09:03,035 - INFO - Waiting for network to initialize...
2025-07-25 19:09:13,036 - INFO - Looking up template ID for template name '1156'...
2025-07-25 19:09:13,274 - INFO - Binding network to template L_3859584880656523057 ('1156')...
2025-07-25 19:09:14,521 - INFO - Successfully bound network to template L_3859584880656523057
2025-07-25 19:09:14,521 - WARNING - Note: Switches must be manually bound in dashboard due to multiple switch profiles
2025-07-25 19:09:14,522 - INFO - Dashboard URL: https://dashboard.meraki.com/o/1666125/n/L_3859584880656523090/configure/switches
2025-07-25 19:09:14,522 - INFO - Waiting for template binding to complete...
2025-07-25 19:09:44,523 - INFO - Fetching organization inventory...
2025-07-25 19:09:45,734 - INFO - Inventory fetch complete
2025-07-25 19:09:45,735 - WARNING - No available devices found. Network created successfully but no devices to add.
2025-07-25 19:09:45,736 - INFO - Deployment completed successfully!
2025-07-25 19:21:52,909 - INFO - Successfully authenticated with Meraki API
2025-07-25 19:21:52,910 - INFO - Starting Meraki network deployment...
2025-07-25 19:21:52,910 - INFO - Creating new Meraki network...
2025-07-25 19:21:55,978 - INFO - Created network: L_3859584880656523091
2025-07-25 19:21:55,979 - INFO - Waiting for network to initialize...
2025-07-25 19:22:05,980 - INFO - Looking up template ID for template name '1156'...
2025-07-25 19:22:06,524 - INFO - Binding network to template L_3859584880656523057 ('1156')...
2025-07-25 19:22:07,882 - INFO - Successfully bound network to template L_3859584880656523057
2025-07-25 19:22:07,882 - WARNING - Note: Switches must be manually bound in dashboard due to multiple switch profiles
2025-07-25 19:22:07,883 - INFO - Dashboard URL: https://dashboard.meraki.com/o/1666125/n/L_3859584880656523091/configure/switches
2025-07-25 19:22:07,883 - INFO - Waiting for template binding to complete...
2025-07-25 19:22:37,884 - INFO - Fetching organization inventory...
2025-07-25 19:22:39,073 - INFO - Inventory fetch complete
2025-07-25 19:22:39,074 - WARNING - No available devices found. Network created successfully but no devices to add.
2025-07-25 19:22:39,075 - INFO - Deployment completed successfully!
